[    0.000000] Linux version 4.15.0-212-generic (buildd@lcy02-amd64-083) (gcc version 7.5.0 (Ubuntu 7.5.0-3ubuntu1~18.04)) #223-Ubuntu SMP Tue May 23 13:09:22 UTC 2023 (Ubuntu 4.15.0-212.223-generic 4.15.18)
[    0.000000] Command line: BOOT_IMAGE=/boot/vmlinuz-4.15.0-212-generic root=LABEL=cloudimg-rootfs ro console=tty1 console=ttyS0
[    0.000000] KERNEL supported cpus:
[    0.000000]   Intel GenuineIntel
[    0.000000]   AMD AuthenticAMD
[    0.000000]   Centaur CentaurHauls
[    0.000000] x86/fpu: x87 FPU will use FXSAVE
[    0.000000] e820: BIOS-provided physical RAM map:
[    0.000000] BIOS-e820: [mem 0x0000000000000000-0x000000000009fbff] usable
[    0.000000] BIOS-e820: [mem 0x000000000009fc00-0x000000000009ffff] reserved
[    0.000000] BIOS-e820: [mem 0x00000000000f0000-0x00000000000fffff] reserved
[    0.000000] BIOS-e820: [mem 0x0000000000100000-0x000000003ffeffff] usable
[    0.000000] BIOS-e820: [mem 0x000000003fff0000-0x000000003fffffff] ACPI data
[    0.000000] BIOS-e820: [mem 0x00000000fec00000-0x00000000fec00fff] reserved
[    0.000000] BIOS-e820: [mem 0x00000000fee00000-0x00000000fee00fff] reserved
[    0.000000] BIOS-e820: [mem 0x00000000fffc0000-0x00000000ffffffff] reserved
[    0.000000] NX (Execute Disable) protection: active
[    0.000000] SMBIOS 2.5 present.
[    0.000000] DMI: innotek GmbH VirtualBox/VirtualBox, BIOS VirtualBox 12/01/2006
[    0.000000] Hypervisor detected: KVM
[    0.000000] e820: last_pfn = 0x3fff0 max_arch_pfn = 0x400000000
[    0.000000] MTRR: Disabled
[    0.000000] x86/PAT: MTRRs disabled, skipping PAT initialization too.
[    0.000000] CPU MTRRs all blank - virtualized system.
[    0.000000] x86/PAT: Configuration [0-7]: WB  WT  UC- UC  WB  WT  UC- UC  
[    0.000000] found SMP MP-table at [mem 0x0009fff0-0x0009ffff]
[    0.000000] Scanning 1 areas for low memory corruption
[    0.000000] RAMDISK: [mem 0x359cb000-0x36cdcfff]
[    0.000000] ACPI: Early table checksum verification disabled
[    0.000000] ACPI: RSDP 0x00000000000E0000 000024 (v02 VBOX  )
[    0.000000] ACPI: XSDT 0x000000003FFF0030 00003C (v01 VBOX   VBOXXSDT 00000001 ASL  00000061)
[    0.000000] ACPI: FACP 0x000000003FFF00F0 0000F4 (v04 VBOX   VBOXFACP 00000001 ASL  00000061)
[    0.000000] ACPI: DSDT 0x000000003FFF0470 002325 (v02 VBOX   VBOXBIOS 00000002 INTL 20100528)
[    0.000000] ACPI: FACS 0x000000003FFF0200 000040
[    0.000000] ACPI: FACS 0x000000003FFF0200 000040
[    0.000000] ACPI: APIC 0x000000003FFF0240 00005C (v02 VBOX   VBOXAPIC 00000001 ASL  00000061)
[    0.000000] ACPI: SSDT 0x000000003FFF02A0 0001CC (v01 VBOX   VBOXCPUT 00000002 INTL 20100528)
[    0.000000] ACPI: Reserving FACP table memory at [mem 0x3fff00f0-0x3fff01e3]
[    0.000000] ACPI: Reserving DSDT table memory at [mem 0x3fff0470-0x3fff2794]
[    0.000000] ACPI: Reserving FACS table memory at [mem 0x3fff0200-0x3fff023f]
[    0.000000] ACPI: Reserving FACS table memory at [mem 0x3fff0200-0x3fff023f]
[    0.000000] ACPI: Reserving APIC table memory at [mem 0x3fff0240-0x3fff029b]
[    0.000000] ACPI: Reserving SSDT table memory at [mem 0x3fff02a0-0x3fff046b]
[    0.000000] No NUMA configuration found
[    0.000000] Faking a node at [mem 0x0000000000000000-0x000000003ffeffff]
[    0.000000] NODE_DATA(0) allocated [mem 0x3ffc5000-0x3ffeffff]
[    0.000000] kvm-clock: cpu 0, msr 0:3ff44001, primary cpu clock
[    0.000000] kvm-clock: Using msrs 4b564d01 and 4b564d00
[    0.000000] kvm-clock: using sched offset of 4206165059 cycles
[    0.000000] clocksource: kvm-clock: mask: 0xffffffffffffffff max_cycles: 0x1cd42e4dffb, max_idle_ns: 881590591483 ns
[    0.000000] Zone ranges:
[    0.000000]   DMA      [mem 0x0000000000001000-0x0000000000ffffff]
[    0.000000]   DMA32    [mem 0x0000000001000000-0x000000003ffeffff]
[    0.000000]   Normal   empty
[    0.000000]   Device   empty
[    0.000000] Movable zone start for each node
[    0.000000] Early memory node ranges
[    0.000000]   node   0: [mem 0x0000000000001000-0x000000000009efff]
[    0.000000]   node   0: [mem 0x0000000000100000-0x000000003ffeffff]
[    0.000000] Reserved but unavailable: 104 pages
[    0.000000] Initmem setup node 0 [mem 0x0000000000001000-0x000000003ffeffff]
[    0.000000] ACPI: PM-Timer IO Port: 0x4008
[    0.000000] IOAPIC[0]: apic_id 2, version 32, address 0xfec00000, GSI 0-23
[    0.000000] ACPI: INT_SRC_OVR (bus 0 bus_irq 0 global_irq 2 dfl dfl)
[    0.000000] ACPI: INT_SRC_OVR (bus 0 bus_irq 9 global_irq 9 low level)
[    0.000000] Using ACPI (MADT) for SMP configuration information
[    0.000000] smpboot: Allowing 2 CPUs, 0 hotplug CPUs
[    0.000000] PM: Registered nosave memory: [mem 0x00000000-0x00000fff]
[    0.000000] PM: Registered nosave memory: [mem 0x0009f000-0x0009ffff]
[    0.000000] PM: Registered nosave memory: [mem 0x000a0000-0x000effff]
[    0.000000] PM: Registered nosave memory: [mem 0x000f0000-0x000fffff]
[    0.000000] e820: [mem 0x40000000-0xfebfffff] available for PCI devices
[    0.000000] Booting paravirtualized kernel on KVM
[    0.000000] clocksource: refined-jiffies: mask: 0xffffffff max_cycles: 0xffffffff, max_idle_ns: 7645519600211568 ns
[    0.000000] setup_percpu: NR_CPUS:8192 nr_cpumask_bits:2 nr_cpu_ids:2 nr_node_ids:1
[    0.000000] percpu: Embedded 50 pages/cpu s167936 r8192 d28672 u1048576
[    0.000000] PV qspinlock hash table entries: 256 (order: 0, 4096 bytes)
[    0.000000] Built 1 zonelists, mobility grouping on.  Total pages: 257913
[    0.000000] Policy zone: DMA32
[    0.000000] Kernel command line: BOOT_IMAGE=/boot/vmlinuz-4.15.0-212-generic root=LABEL=cloudimg-rootfs ro console=tty1 console=ttyS0
[    0.000000] Memory: 982644K/1048120K available (12300K kernel code, 2477K rwdata, 4324K rodata, 2480K init, 2720K bss, 65476K reserved, 0K cma-reserved)
[    0.000000] SLUB: HWalign=64, Order=0-3, MinObjects=0, CPUs=2, Nodes=1
[    0.000000] ftrace: allocating 39508 entries in 155 pages
[    0.004000] Hierarchical RCU implementation.
[    0.004000] 	RCU restricting CPUs from NR_CPUS=8192 to nr_cpu_ids=2.
[    0.004000] 	Tasks RCU enabled.
[    0.004000] RCU: Adjusting geometry for rcu_fanout_leaf=16, nr_cpu_ids=2
[    0.004000] NR_IRQS: 524544, nr_irqs: 440, preallocated irqs: 16
[    0.004000] Console: colour VGA+ 80x25
[    0.004000] console [tty1] enabled
[    0.004000] console [ttyS0] enabled
[    0.004000] ACPI: Core revision 20170831
[    0.004000] ACPI: 2 ACPI AML tables successfully acquired and loaded
[    0.004000] APIC: Switch to symmetric I/O mode setup
[    0.004000] ..TIMER: vector=0x30 apic1=0 pin1=2 apic2=-1 pin2=-1
[    0.004000] tsc: Detected 1190.403 MHz processor
[    0.004011] Calibrating delay loop (skipped) preset value.. 2380.80 BogoMIPS (lpj=4761612)
[    0.008012] pid_max: default: 32768 minimum: 301
[    0.012165] Security Framework initialized
[    0.016009] Yama: becoming mindful.
[    0.020150] AppArmor: AppArmor initialized
[    0.030813] Dentry cache hash table entries: 131072 (order: 8, 1048576 bytes)
[    0.036708] Inode-cache hash table entries: 65536 (order: 7, 524288 bytes)
[    0.040120] Mount-cache hash table entries: 2048 (order: 2, 16384 bytes)
[    0.044112] Mountpoint-cache hash table entries: 2048 (order: 2, 16384 bytes)
[    0.052206] Last level iTLB entries: 4KB 0, 2MB 0, 4MB 0
[    0.056008] Last level dTLB entries: 4KB 0, 2MB 0, 4MB 0, 1GB 0
[    0.060008] Spectre V1 : Mitigation: usercopy/swapgs barriers and __user pointer sanitization
[    0.064007] Spectre V2 : Mitigation: Enhanced IBRS
[    0.068007] Spectre V2 : Spectre v2 / SpectreRSB mitigation: Filling RSB on context switch
[    0.072004] Spectre V2 : Spectre v2 / PBRSB-eIBRS: Retire a single CALL on VMEXIT
[    0.076008] RETBleed: Mitigation: Enhanced IBRS
[    0.080003] Speculative Store Bypass: Vulnerable
[    0.084059] MMIO Stale Data: Vulnerable: Clear CPU buffers attempted, no microcode
[    0.088372] Freeing SMP alternatives memory: 36K
[    0.224572] APIC calibration not consistent with PM-Timer: 115ms instead of 100ms
[    0.228000] APIC delta adjusted to PM-Timer: 6280756 (7274121)
[    0.228446] smpboot: CPU0: Intel(R) Core(TM) i3-1005G1 CPU @ 1.20GHz (family: 0x6, model: 0x7e, stepping: 0x5)
[    0.232575] Performance Events: unsupported p6 CPU model 126 no PMU driver, software events only.
[    0.236132] Hierarchical SRCU implementation.
[    0.244206] NMI watchdog: Perf event create on CPU 0 failed with -2
[    0.248002] NMI watchdog: Perf NMI watchdog permanently disabled
[    0.256174] smp: Bringing up secondary CPUs ...
[    0.261093] x86: Booting SMP configuration:
[    0.264008] .... node  #0, CPUs:      #1
[    0.004000] kvm-clock: cpu 1, msr 0:3ff44041, secondary cpu clock
[    0.278050] TSC synchronization [CPU#0 -> CPU#1]:
[    0.280000] Measured 33395 cycles TSC warp between CPUs, turning off TSC clock.
[    0.280000] tsc: Marking TSC unstable due to check_tsc_sync_source failed
[    0.288222] smp: Brought up 1 node, 2 CPUs
[    0.292006] smpboot: Max logical packages: 1
[    0.295776] smpboot: Total of 2 processors activated (4761.61 BogoMIPS)
[    0.296648] devtmpfs: initialized
[    0.300114] x86/mm: Memory block size: 128MB
[    0.304439] evm: security.selinux
[    0.308006] evm: security.SMACK64
[    0.311057] evm: security.SMACK64EXEC
[    0.312002] evm: security.SMACK64TRANSMUTE
[    0.316002] evm: security.SMACK64MMAP
[    0.320002] evm: security.apparmor
[    0.323088] evm: security.ima
[    0.324002] evm: security.capability
[    0.328418] clocksource: jiffies: mask: 0xffffffff max_cycles: 0xffffffff, max_idle_ns: 7645041785100000 ns
[    0.332127] futex hash table entries: 512 (order: 3, 32768 bytes)
[    0.336234] pinctrl core: initialized pinctrl subsystem
[    0.340561] RTC time: 19:17:57, date: 10/23/24
[    0.348396] NET: Registered protocol family 16
[    0.352126] audit: initializing netlink subsys (disabled)
[    0.356224] audit: type=2000 audit(1729711082.179:1): state=initialized audit_enabled=0 res=1
[    0.368095] cpuidle: using governor ladder
[    0.372010] cpuidle: using governor menu
[    0.376090] ACPI: bus type PCI registered
[    0.380005] acpiphp: ACPI Hot Plug PCI Controller Driver version: 0.5
[    0.384608] PCI: Using configuration type 1 for base access
[    0.392409] HugeTLB registered 2.00 MiB page size, pre-allocated 0 pages
[    0.400173] ACPI: Added _OSI(Module Device)
[    0.403818] ACPI: Added _OSI(Processor Device)
[    0.404006] ACPI: Added _OSI(3.0 _SCP Extensions)
[    0.408005] ACPI: Added _OSI(Processor Aggregator Device)
[    0.412009] ACPI: Added _OSI(Linux-Dell-Video)
[    0.416004] ACPI: Added _OSI(Linux-Lenovo-NV-HDMI-Audio)
[    0.420005] ACPI: Added _OSI(Linux-HPI-Hybrid-Graphics)
[    0.424982] ACPI: Executed 1 blocks of module-level executable AML code
[    0.436242] ACPI: Interpreter enabled
[    0.440030] ACPI: (supports S0 S5)
[    0.444009] ACPI: Using IOAPIC for interrupt routing
[    0.448591] PCI: Using host bridge windows from ACPI; if necessary, use "pci=nocrs" and report a bug
[    0.452315] ACPI: Enabled 2 GPEs in block 00 to 07
[    0.471165] ACPI: PCI Root Bridge [PCI0] (domain 0000 [bus 00-ff])
[    0.472021] acpi PNP0A03:00: _OSC: OS supports [ASPM ClockPM Segments MSI]
[    0.476857] acpi PNP0A03:00: _OSC: not requesting OS control; OS requires [ExtendedConfig ASPM ClockPM MSI]
[    0.480020] acpi PNP0A03:00: fail to add MMCONFIG information, can't access extended PCI configuration space under this bridge.
[    0.488520] PCI host bridge to bus 0000:00
[    0.492011] pci_bus 0000:00: root bus resource [io  0x0000-0x0cf7 window]
[    0.496011] pci_bus 0000:00: root bus resource [io  0x0d00-0xffff window]
[    0.500005] pci_bus 0000:00: root bus resource [mem 0x000a0000-0x000bffff window]
[    0.504005] pci_bus 0000:00: root bus resource [mem 0x40000000-0xfdffffff window]
[    0.508004] pci_bus 0000:00: root bus resource [bus 00-ff]
[    0.520082] pci 0000:00:01.1: legacy IDE quirk: reg 0x10: [io  0x01f0-0x01f7]
[    0.524008] pci 0000:00:01.1: legacy IDE quirk: reg 0x14: [io  0x03f6]
[    0.528004] pci 0000:00:01.1: legacy IDE quirk: reg 0x18: [io  0x0170-0x0177]
[    0.532003] pci 0000:00:01.1: legacy IDE quirk: reg 0x1c: [io  0x0376]
[    0.558435] pci 0000:00:07.0: quirk: [io  0x4000-0x403f] claimed by PIIX4 ACPI
[    0.560046] pci 0000:00:07.0: quirk: [io  0x4100-0x410f] claimed by PIIX4 SMB
[    0.575774] ACPI: PCI Interrupt Link [LNKA] (IRQs 5 9 10 *11)
[    0.576600] ACPI: PCI Interrupt Link [LNKB] (IRQs 5 9 *10 11)
[    0.580213] ACPI: PCI Interrupt Link [LNKC] (IRQs 5 *9 10 11)
[    0.584229] ACPI: PCI Interrupt Link [LNKD] (IRQs 5 9 10 *11)
[    0.588881] SCSI subsystem initialized
[    0.592228] pci 0000:00:02.0: vgaarb: setting as boot VGA device
[    0.596000] pci 0000:00:02.0: vgaarb: VGA device added: decodes=io+mem,owns=io+mem,locks=none
[    0.596006] pci 0000:00:02.0: vgaarb: bridge control possible
[    0.600002] vgaarb: loaded
[    0.604072] ACPI: bus type USB registered
[    0.608016] usbcore: registered new interface driver usbfs
[    0.612018] usbcore: registered new interface driver hub
[    0.616014] usbcore: registered new device driver usb
[    0.620288] EDAC MC: Ver: 3.0.0
[    0.628551] PCI: Using ACPI for IRQ routing
[    0.632886] NetLabel: Initializing
[    0.636002] NetLabel:  domain hash size = 128
[    0.640002] NetLabel:  protocols = UNLABELED CIPSOv4 CALIPSO
[    0.644020] NetLabel:  unlabeled traffic allowed by default
[    0.648332] clocksource: Switched to clocksource kvm-clock
[    0.658063] VFS: Disk quotas dquot_6.6.0
[    0.658063] VFS: Dquot-cache hash table entries: 512 (order 0, 4096 bytes)
[    0.658063] AppArmor: AppArmor Filesystem Enabled
[    0.658063] pnp: PnP ACPI init
[    0.658063] pnp: PnP ACPI: found 3 devices
[    0.770309] clocksource: acpi_pm: mask: 0xffffff max_cycles: 0xffffff, max_idle_ns: 2085701024 ns
[    0.777991] NET: Registered protocol family 2
[    0.781874] IP idents hash table entries: 16384 (order: 5, 131072 bytes)
[    0.788699] TCP established hash table entries: 8192 (order: 4, 65536 bytes)
[    0.795365] TCP bind hash table entries: 8192 (order: 5, 131072 bytes)
[    0.801499] TCP: Hash tables configured (established 8192 bind 8192)
[    0.804957] UDP hash table entries: 512 (order: 2, 16384 bytes)
[    0.804957] UDP-Lite hash table entries: 512 (order: 2, 16384 bytes)
[    0.804957] NET: Registered protocol family 1
[    0.804957] pci 0000:00:00.0: Limiting direct PCI/PCI transfers
[    0.804957] pci 0000:00:01.0: Activating ISA DMA hang workarounds
[    0.804957] pci 0000:00:02.0: Video device with shadowed ROM at [mem 0x000c0000-0x000dffff]
[    0.804957] Unpacking initramfs...
[    1.353256] Freeing initrd memory: 19528K
[    1.357189] clocksource: tsc: mask: 0xffffffffffffffff max_cycles: 0x1128b1be6ad, max_idle_ns: 440795207191 ns
[    1.366577] platform rtc_cmos: registered platform RTC device (no PNP device found)
[    1.373568] Scanning for low memory corruption every 60 seconds
[    1.380106] Initialise system trusted keyrings
[    1.384966] Key type blacklist registered
[    1.389843] workingset: timestamp_bits=36 max_order=18 bucket_order=0
[    1.398933] zbud: loaded
[    1.403073] squashfs: version 4.0 (2009/01/31) Phillip Lougher
[    1.409825] fuse init (API version 7.26)
[    1.441036] Key type asymmetric registered
[    1.446138] Asymmetric key parser 'x509' registered
[    1.451953] Block layer SCSI generic (bsg) driver version 0.4 loaded (major 246)
[    1.461215] io scheduler noop registered
[    1.467280] io scheduler deadline registered
[    1.472697] io scheduler cfq registered (default)
[    1.478170] ACPI: AC Adapter [AC] (on-line)
[    1.482642] input: Power Button as /devices/LNXSYSTM:00/LNXPWRBN:00/input/input0
[    1.489810] ACPI: Power Button [PWRF]
[    1.494127] input: Sleep Button as /devices/LNXSYSTM:00/LNXSLPBN:00/input/input1
[    1.501239] ACPI: Sleep Button [SLPF]
[    1.505943] Serial: 8250/16550 driver, 32 ports, IRQ sharing enabled
[    1.507239] ACPI: Battery Slot [BAT0] (battery present)
[    1.545340] 00:02: ttyS0 at I/O 0x3f8 (irq = 4, base_baud = 115200) is a 16550A
[    1.554194] Linux agpgart interface v0.103
[    1.563245] loop: module loaded
[    1.571024] scsi host0: ata_piix
[    1.575733] scsi host1: ata_piix
[    1.579358] ata1: PATA max UDMA/33 cmd 0x1f0 ctl 0x3f6 bmdma 0xd000 irq 14
[    1.585918] ata2: PATA max UDMA/33 cmd 0x170 ctl 0x376 bmdma 0xd008 irq 15
[    1.592890] tun: Universal TUN/TAP device driver, 1.6
[    1.598378] PPP generic driver version 2.4.2
[    1.603368] ehci_hcd: USB 2.0 'Enhanced' Host Controller (EHCI) Driver
[    1.610285] ehci-pci: EHCI PCI platform driver
[    1.614883] ehci-platform: EHCI generic platform driver
[    1.620160] ohci_hcd: USB 1.1 'Open' Host Controller (OHCI) Driver
[    1.626141] ohci-pci: OHCI PCI platform driver
[    1.630832] ohci-platform: OHCI generic platform driver
[    1.636124] uhci_hcd: USB Universal Host Controller Interface driver
[    1.642298] i8042: PNP: PS/2 Controller [PNP0303:PS2K,PNP0f03:PS2M] at 0x60,0x64 irq 1,12
[    1.656840] serio: i8042 KBD port at 0x60,0x64 irq 1
[    1.662717] serio: i8042 AUX port at 0x60,0x64 irq 12
[    1.668692] mousedev: PS/2 mouse device common for all mice
[    1.675841] input: AT Translated Set 2 keyboard as /devices/platform/i8042/serio0/input/input2
[    1.686234] rtc_cmos rtc_cmos: rtc core: registered rtc_cmos as rtc0
[    1.692975] rtc_cmos rtc_cmos: alarms up to one day, 114 bytes nvram
[    1.699730] i2c /dev entries driver
[    1.703188] device-mapper: uevent: version 1.0.3
[    1.709232] device-mapper: ioctl: 4.37.0-ioctl (2017-09-20) initialised: dm-devel@redhat.com
[    1.719058] ledtrig-cpu: registered to indicate activity on CPUs
[    1.729572] NET: Registered protocol family 10
[    1.746532] Segment Routing with IPv6
[    1.750829] NET: Registered protocol family 17
[    1.787737] Key type dns_resolver registered
[    1.816773] mce: Using 0 MCE banks
[    1.820370] RAS: Correctable Errors collector initialized.
[    1.825666] sched_clock: Marking stable (1825556379, 0)->(2627606159, -802049780)
[    1.835923] registered taskstats version 1
[    1.840118] Loading compiled-in X.509 certificates
[    1.850584] Loaded X.509 cert 'Build time autogenerated kernel key: b5b26778eaa3ab3a4a6cee031137706e947d12ad'
[    1.860442] Loaded X.509 cert 'Canonical Ltd. Live Patch Signing: 14df34d1a87cf37625abec039ef2bf521249b969'
[    1.869983] Loaded X.509 cert 'Canonical Ltd. Kernel Module Signing: 88f752e560a1e0737e31163a466ad7b70a850c19'
[    1.879260] blacklist: Loading compiled-in revocation X.509 certificates
[    1.885630] Loaded X.509 cert 'Canonical Ltd. Secure Boot Signing: 61482aa2830d0ab2ad5af10b7250da9033ddcef0'
[    1.894797] Loaded X.509 cert 'Canonical Ltd. Secure Boot Signing (2017): 242ade75ac4a15e50d50c84b0d45ff3eae707a03'
[    1.904615] Loaded X.509 cert 'Canonical Ltd. Secure Boot Signing (ESM 2018): 365188c1d374d6b07c3c8f240f8ef722433d6a8b'
[    1.914455] Loaded X.509 cert 'Canonical Ltd. Secure Boot Signing (2019): c0746fd6c5da3ae827864651ad66ae47fe24b3e8'
[    1.924268] Loaded X.509 cert 'Canonical Ltd. Secure Boot Signing (2021 v1): a8d54bbb3825cfb94fa13c9f8a594a195c107b8d'
[    1.934003] Loaded X.509 cert 'Canonical Ltd. Secure Boot Signing (2021 v2): 4cf046892d6fd3c9a5b03f98d845f90851dc6a8c'
[    1.943965] Loaded X.509 cert 'Canonical Ltd. Secure Boot Signing (2021 v3): 100437bb6de6e469b581e61cd66bce3ef4ed53af'
[    1.954271] Loaded X.509 cert 'Canonical Ltd. Secure Boot Signing (Ubuntu Core 2019): c1d57b8f6b743f23ee41f4f7ee292f06eecadfb9'
[    1.964983] zswap: loaded using pool lzo/zbud
[    1.980269] Key type big_key registered
[    1.984346] Key type trusted registered
[    1.992290] Key type encrypted registered
[    1.996937] AppArmor: AppArmor sha1 policy hashing enabled
[    2.002748] ima: No TPM chip found, activating TPM-bypass! (rc=-19)
[    2.008786] ima: Allocated hash algorithm: sha1
[    2.013379] evm: HMAC attrs: 0x1
[    2.017868]   Magic number: 12:489:294
[    2.021896] ata_device dev2.0: hash matches
[    2.026103]  dev2.0: hash matches
[    2.029667] misc hpet: hash matches
[    2.033326] tty tty27: hash matches
[    2.037695] rtc_cmos rtc_cmos: setting system clock to 2024-10-23 19:17:59 UTC (1729711079)
[    2.046533] BIOS EDD facility v0.16 2004-Jun-25, 0 devices found
[    2.052769] EDD information not available.
[    2.060138] Freeing unused kernel image memory: 2480K
[    2.080872] Write protecting the kernel read-only data: 20480k
[    2.087604] Freeing unused kernel image memory: 2008K
[    2.092882] Freeing unused kernel image memory: 1820K
[    2.102137] x86/mm: Checked W+X mappings: passed, no W+X pages found.
Loading, please wait...
starting version 237
[    2.187014] Fusion MPT base driver 3.04.20
[    2.191668] Copyright (c) 1999-2008 LSI Corporation
[    2.211272] e1000: Intel(R) PRO/1000 Network Driver - version 7.3.21-k8-NAPI
[    2.218411] e1000: Copyright (c) 1999-2006 Intel Corporation.
[    2.239549] Fusion MPT SPI Host driver 3.04.20
[    2.428907] input: ImExPS/2 Generic Explorer Mouse as /devices/platform/i8042/serio1/input/input4
[    2.935003] e1000 0000:00:03.0 eth0: (PCI:33MHz:32-bit) 02:3b:7b:b7:3b:2d
[    2.942119] e1000 0000:00:03.0 eth0: Intel(R) PRO/1000 Network Connection
[    3.603583] e1000 0000:00:08.0 eth1: (PCI:33MHz:32-bit) 08:00:27:6f:0c:33
[    3.610623] e1000 0000:00:08.0 eth1: Intel(R) PRO/1000 Network Connection
[    3.619479] e1000 0000:00:08.0 enp0s8: renamed from eth1
[    3.621720] mptbase: ioc0: Initiating bringup
[    3.641127] e1000 0000:00:03.0 enp0s3: renamed from eth0
[    3.733568] ioc0: LSI53C1030 A0: Capabilities={Initiator}
[    4.489491] scsi host2: ioc0: LSI53C1030 A0, FwRev=00000000h, Ports=1, MaxQ=256, IRQ=20
[    5.234008] scsi 2:0:0:0: Direct-Access     VBOX     HARDDISK         1.0  PQ: 0 ANSI: 5
[    5.276517] scsi target2:0:0: Beginning Domain Validation
[    5.293243] scsi target2:0:0: Domain Validation skipping write tests
[    5.299793] scsi target2:0:0: Ending Domain Validation
[    5.305348] scsi target2:0:0: asynchronous
[    5.312059] scsi 2:0:1:0: Direct-Access     VBOX     HARDDISK         1.0  PQ: 0 ANSI: 5
[    5.348882] scsi target2:0:1: Beginning Domain Validation
[    5.362624] scsi target2:0:1: Domain Validation skipping write tests
[    5.369505] scsi target2:0:1: Ending Domain Validation
[    5.375730] scsi target2:0:1: asynchronous
[    5.393928] sd 2:0:0:0: Attached scsi generic sg0 type 0
[    5.400305] sd 2:0:0:0: [sda] 83886080 512-byte logical blocks: (42.9 GB/40.0 GiB)
[    5.401413] sd 2:0:1:0: [sdb] 20480 512-byte logical blocks: (10.5 MB/10.0 MiB)
[    5.408476] sd 2:0:1:0: Attached scsi generic sg1 type 0
[    5.416351] sd 2:0:1:0: [sdb] Write Protect is off
[    5.426113] sd 2:0:0:0: [sda] Write Protect is off
[    5.426623] sd 2:0:1:0: [sdb] Incomplete mode parameter data
[    5.436160] sd 2:0:1:0: [sdb] Assuming drive cache: write through
[    5.442523] sd 2:0:0:0: [sda] Incomplete mode parameter data
[    5.448758] sd 2:0:0:0: [sda] Assuming drive cache: write through
[    5.448796] sd 2:0:1:0: [sdb] Attached SCSI disk
[    5.464378]  sda: sda1
[    5.470190] sd 2:0:0:0: [sda] Attached SCSI disk
Begin: Loading essential drivers ... [    9.047926] raid6: sse2x1   gen() 282300 MB/s
[   10.053230] raid6: sse2x1   xor() 191489 MB/s
[   12.059255] raid6: sse2x2   gen() 414275 MB/s
[   13.096874] raid6: sse2x2   xor() 11796 MB/s
[   13.148667] raid6: sse2x4   gen() 17868 MB/s
[   13.202847] raid6: sse2x4   xor()  6856 MB/s
[   13.209543] raid6: using algorithm sse2x2 gen() 414275 MB/s
[   13.217143] raid6: .... xor() 11796 MB/s, rmw enabled
[   13.224003] raid6: using ssse3x2 recovery algorithm
[   13.231513] xor: measuring software checksum speed
[   13.272369]    prefetch64-sse: 20538.000 MB/sec
[   13.316300]    generic_sse: 22616.000 MB/sec
[   13.320850] xor: using function: generic_sse (22616.000 MB/sec)
[   13.328839] async_tx: api initialized (async)
done.
Begin: Running /scripts/init-premount ... done.
Begin: Mounting root file system ... Begin: Running /scripts/local-top ... done.
Begin: Running /scripts/local-premount ... [   13.400853] Btrfs loaded, crc32c=crc32c-intel
Scanning for Btrfs filesystems
done.
Warning: fsck not present, so skipping root file system
[   13.452879] EXT4-fs (sda1): mounted filesystem with ordered data mode. Opts: (null)
done.
Begin: Running /scripts/local-bottom ... done.
Begin: Running /scripts/init-bottom ... done.
[   13.730224] ip_tables: (C) 2000-2006 Netfilter Core Team
[   13.750926] systemd[1]: systemd 237 running in system mode. (+PAM +AUDIT +SELINUX +IMA +APPARMOR +SMACK +SYSVINIT +UTMP +LIBCRYPTSETUP +GCRYPT +GNUTLS +ACL +XZ +LZ4 +SECCOMP +BLKID +ELFUTILS +KMOD -IDN2 +IDN -PCRE2 default-hierarchy=hybrid)
[   13.768750] systemd[1]: Detected virtualization oracle.
[   13.773365] systemd[1]: Detected architecture x86-64.

Welcome to [1mUbuntu 18.04.6 LTS[0m!

[   13.802900] systemd[1]: Set hostname to <ubuntu>.
[   13.812895] random: systemd: uninitialized urandom read (16 bytes read)
[   13.818379] systemd[1]: Initializing machine ID from random generator.
[   13.824076] systemd[1]: Installed transient /etc/machine-id file.
[   14.139596] random: systemd: uninitialized urandom read (16 bytes read)
[   14.145383] systemd[1]: Set up automount Arbitrary Executable File Formats File System Automount Point.
[[0;32m  OK  [0m] Set up automount Arbitrary Executab…rmats File System Automount Point.
[   14.156494] random: systemd: uninitialized urandom read (16 bytes read)
[   14.171982] systemd[1]: Created slice System Slice.
[[0;32m  OK  [0m] Created slice System Slice.
[   14.178585] systemd[1]: Listening on LVM2 metadata daemon socket.
[[0;32m  OK  [0m] Listening on LVM2 metadata daemon socket.
[   14.186274] systemd[1]: Listening on Journal Audit Socket.
[[0;32m  OK  [0m] Listening on Journal Audit Socket.
[[0;32m  OK  [0m] Listening on Journal Socket (/dev/log).
[[0;32m  OK  [0m] Listening on Journal Socket.
         Starting Set the console keyboard layout...
         Starting Create list of required st…ce nodes for the current kernel...
         Starting Uncomplicated firewall...
[[0;32m  OK  [0m] Started Forward Password Requests to Wall Directory Watch.
[[0;32m  OK  [0m] Listening on Network Service Netlink Socket.
[[0;32m  OK  [0m] Reached target Swap.
[[0;32m  OK  [0m] Listening on /dev/initctl Compatibility Named Pipe.
         Mounting Kernel Debug File System...
[[0;32m  OK  [0m] Reached target System Time Synchronized.
         Mounting Huge Pages File System...
[[0;32m  OK  [0m] Created slice system-serial\x2dgetty.slice.
[[0;32m  OK  [0m] Created slice User and Session Slice.
[[0;32m  OK  [0m] Reached target Slices.
         Mounting POSIX Message Queue File System...
         Starting Load Kernel Modules...
[[0;32m  OK  [0m] Listening on Syslog Socket.
         Starting Journal Service...
[[0;32m  OK  [0m] Listening on fsck to fsckd communication Socket.
         Starting File System Check on Root Device...
[[0;32m  OK  [0m] Listening on LVM2 poll daemon socket.[   14.323435] Loading iSCSI transport class v2.0-870.

[[0;32m  OK  [0m] Listening on Device-mapper event daemon FIFOs.
         Starting Monitoring of LVM2 mirrors…ng dmeventd or progress polling...
[[0;32m  OK  [0m] Listening on udev Control Socket.
[[0;32m  OK  [0m] Reached target Mounting snaps.
[[0;32m  OK  [0m] Reached target Mounted snaps.
[[0;32m  OK  [0m] Reached target User and Group Name Lookups.
[[0;32m  OK  [0m] Listening on udev Kernel Socket.
         Starting udev Coldplug all Devices...
[[0;32m  OK  [0m] Started Create list of required sta…vice nodes for the current kernel.
[[0;32m  OK  [0m] Started Uncomplicated firewall.
[[0;32m  OK  [0m] Mounted Kernel Debug File System.
[[0;32m  OK  [0m] Mounted Huge Pages File System.
[[0;32m  OK  [0m] Mounted POSIX Message Queue File System.
[[0;32m  OK  [0m] Started File System Check Daemon to report status.
         Starting Create Static Device Nodes in /dev...
[[0;32m  OK  [0m] Started LVM2 metadata daemon.
[[0;32m  OK  [0m] Started Create Static Device Nodes in /dev.
[   14.476695] iscsi: registered transport (tcp)
[[0;32m  OK  [0m] Started udev Coldplug all Devices.
[   14.506505] iscsi: registered transport (iser)
[[0;32m  OK  [0m] Started Load Kernel Modules.
         Mounting Kernel Configuration File System...
         Starting Apply Kernel Variables...
         Mounting FUSE Control File System...
[[0;32m  OK  [0m] Mounted Kernel Configuration File System.
[[0;32m  OK  [0m] Mounted FUSE Control File System.
[[0;32m  OK  [0m] Started Journal Service.
[[0;32m  OK  [0m] Started File System Check on Root Device.
         Starting Remount Root and Kernel File Systems...
[[0;32m  OK  [0m] Started Apply Kernel Variables.
[[0;32m  OK  [0m] Started Remount Root and Kernel File Systems.
         Starting udev Kernel Device Manager...
         Starting Load/Save Random Seed...
         Starting Flush Journal to Persistent Storage...
[[0;32m  OK  [0m] Started Monitoring of LVM2 mirrors,…sing dmeventd or progress polling.
[[0;32m  OK  [0m] Started udev Kernel Device Manager.
[[0;32m  OK  [0m] Started Load/Save Random Seed.
[[0;32m  OK  [0m] Started Flush Journal to Persistent Storage.
[[0;32m  OK  [0m] Found device /dev/ttyS0.
[[0;32m  OK  [0m] Listening on Load/Save RF Kill Switch Status /dev/rfkill Watch.
         Mounting Arbitrary Executable File Formats File System...
[[0;32m  OK  [0m] Started Set the console keyboard layout.
[[0;32m  OK  [0m] Mounted Arbitrary Executable File Formats File System.
[[0;32m  OK  [0m] Started Dispatch Password Requests to Console Directory Watch.
[[0;32m  OK  [0m] Reached target Local Encrypted Volumes.
[[0;32m  OK  [0m] Reached target Local File Systems (Pre).
[[0;32m  OK  [0m] Reached target Local File Systems.
         Starting Set console font and keymap...
         Starting Commit a transient machine-id on disk...
         Starting Create Volatile Files and Directories...
         Starting Tell Plymouth To Write Out Runtime Data...
         Starting AppArmor initialization...
         Starting ebtables ruleset management...
[[0;32m  OK  [0m] Started Create Volatile Files and Directories.
         Starting Update UTMP about System Boot/Shutdown...
[[0;32m  OK  [0m] Started Tell Plymouth To Write Out Runtime Data.
[[0;32m  OK  [0m] Started Update UTMP about System Boot/Shutdown.
[[0;32m  OK  [0m] Started Commit a transient machine-id on disk.
[[0;32m  OK  [0m] Started ebtables ruleset management.
[[0;32m  OK  [0m] Started AppArmor initialization.
         Starting Load AppArmor profiles managed internally by snapd...
         Starting Initial cloud-init job (pre-networking)...
[[0;32m  OK  [0m] Started Load AppArmor profiles managed internally by snapd.
[[0;32m  OK  [0m] Started Set console font and keymap.
[   18.561322] cloud-init[734]: Cloud-init v. 23.1.2-0ubuntu0~18.04.1 running 'init-local' at Wed, 23 Oct 2024 19:18:15 +0000. Up 18.15 seconds.
[[0;32m  OK  [0m] Started Initial cloud-init job (pre-networking).
[[0;32m  OK  [0m] Reached target Network (Pre).
         Starting Network Service...
[[0;32m  OK  [0m] Started Network Service.
         Starting Wait for Network to be Configured...
         Starting Network Name Resolution...
[[0;32m  OK  [0m] Started Network Name Resolution.
[[0;32m  OK  [0m] Reached target Host and Network Name Lookups.
[[0;32m  OK  [0m] Reached target Network.
[[0;32m  OK  [0m] Started Wait for Network to be Configured.
         Starting Initial cloud-init job (metadata service crawler)...
[   20.412463] cloud-init[875]: Cloud-init v. 23.1.2-0ubuntu0~18.04.1 running 'init' at Wed, 23 Oct 2024 19:18:17 +0000. Up 20.28 seconds.
[   20.417456] cloud-init[875]: ci-info: ++++++++++++++++++++++++++++++++++++++Net device info+++++++++++++++++++++++++++++++++++++++
[   20.422327] cloud-init[875]: ci-info: +--------+-------+----------------------------+---------------+--------+-------------------+
[   20.427416] cloud-init[875]: ci-info: | Device |   Up  |          Address           |      Mask     | Scope  |     Hw-Address    |
[   20.432565] cloud-init[875]: ci-info: +--------+-------+----------------------------+---------------+--------+-------------------+
[   20.437389] cloud-init[875]: ci-info: | enp0s3 |  True |         10.0.2.15          | 255.255.255.0 | global | 02:3b:7b:b7:3b:2d |
[   20.442218] cloud-init[875]: ci-info: | enp0s3 |  True | fe80::3b:7bff:feb7:3b2d/64 |       .       |  link  | 02:3b:7b:b7:3b:2d |
[   20.447011] cloud-init[875]: ci-info: | enp0s8 | False |             .              |       .       |   .    | 08:00:27:6f:0c:33 |
[   20.451783] cloud-init[875]: ci-info: |   lo   |  True |         127.0.0.1          |   255.0.0.0   |  host  |         .         |
[   20.456781] cloud-init[875]: ci-info: |   lo   |  True |          ::1/128           |       .       |  host  |         .         |
[   20.461715] cloud-init[875]: ci-info: +--------+-------+----------------------------+---------------+--------+-------------------+
[   20.467108] cloud-init[875]: ci-info: ++++++++++++++++++++++++++++Route IPv4 info+++++++++++++++++++++++++++++
[   20.471009] cloud-init[875]: ci-info: +-------+-------------+----------+-----------------+-----------+-------+
[   20.474880] cloud-init[875]: ci-info: | Route | Destination | Gateway  |     Genmask     | Interface | Flags |
[   20.478739] cloud-init[875]: ci-info: +-------+-------------+----------+-----------------+-----------+-------+
[   20.482477] cloud-init[875]: ci-info: |   0   |   0.0.0.0   | 10.0.2.2 |     0.0.0.0     |   enp0s3  |   UG  |
[   20.486086] cloud-init[875]: ci-info: |   1   |   10.0.2.0  | 0.0.0.0  |  255.255.255.0  |   enp0s3  |   U   |
[   20.489809] cloud-init[875]: ci-info: |   2   |   10.0.2.2  | 0.0.0.0  | 255.255.255.255 |   enp0s3  |   UH  |
[   20.493756] cloud-init[875]: ci-info: +-------+-------------+----------+-----------------+-----------+-------+
[   20.497871] cloud-init[875]: ci-info: +++++++++++++++++++Route IPv6 info+++++++++++++++++++
[   20.501379] cloud-init[875]: ci-info: +-------+-------------+---------+-----------+-------+
[   20.505485] cloud-init[875]: ci-info: | Route | Destination | Gateway | Interface | Flags |
[   20.510562] cloud-init[875]: ci-info: +-------+-------------+---------+-----------+-------+
[   20.515092] cloud-init[875]: ci-info: |   1   |  fe80::/64  |    ::   |   enp0s3  |   U   |
[   20.519209] cloud-init[875]: ci-info: |   3   |    local    |    ::   |   enp0s3  |   U   |
[   20.523527] cloud-init[875]: ci-info: |   4   |   ff00::/8  |    ::   |   enp0s3  |   U   |
[   20.533661] cloud-init[875]: ci-info: +-------+-------------+---------+-----------+-------+
[   22.015495] cloud-init[875]: Generating public/private rsa key pair.
[   22.018146] cloud-init[875]: Your identification has been saved in /etc/ssh/ssh_host_rsa_key.
[   22.021324] cloud-init[875]: Your public key has been saved in /etc/ssh/ssh_host_rsa_key.pub.
[   22.024507] cloud-init[875]: The key fingerprint is:
[   22.026796] cloud-init[875]: SHA256:xkXrKxhU3q82UESB6GGSCdLAKGYRZDiQxUNx9xo+1VQ root@ubuntu-bionic
[   22.031019] cloud-init[875]: The key's randomart image is:
[   22.036684] cloud-init[875]: +---[RSA 2048]----+
[   22.041279] cloud-init[875]: |X%Bo.o...o*oE    |
[   22.046710] cloud-init[875]: |B=+.+.++.* .     |
[   22.052118] cloud-init[875]: |+. . +o.+ *      |
[   22.057087] cloud-init[875]: |     o.= + .     |
[   22.062767] cloud-init[875]: |      = S . .    |
[   22.068833] cloud-init[875]: |       = . o     |
[   22.074325] cloud-init[875]: |      . . =      |
[   22.080616] cloud-init[[0;32m  OK  [0m] Started Initial cloud-init job (metadata service crawler).
[[0;32m  OK  [0m] Reached target System Initialization.
[875]: |         o .     |
[[0;32m  OK  [0m] Started ACPI Events Check.
[[0;32m  OK  [0m] Started Ubuntu Advantage Timer for running repeated jobs.
[[0;32m  OK  [0m] Started Daily apt download activities.
[   22.094207] cloud-init[875]: |                 |
[   22.105440] cloud-init[875]: +----[SHA256]-----+
[   22.107266] cloud-init[875]: Generating public/private dsa key pair.
[   22.109874] cloud-init[875]: Your identification has been saved in /etc/ssh/ssh_host_dsa_key.
[   22.113137] cloud-init[875]: Your public key has been saved in /etc/ssh/ssh_host_dsa_key.pub.
         Starting LXD - unix socket.
[[0;32m  OK  [0m] Started Message of the Day.
[[0;32m  OK  [0m] Started Daily apt upgrade and clean activities.
[[0;32m  OK  [0m] Listening on UUID daemon activation socket.
         Starting Socket activation for snappy daemon.
[[0;32m  OK  [0m] Listening on D-Bus System Message Bus Socket.
[[0;32m  OK  [0m] Started Daily Cleanup of Temporary Directories.
[[0;32m  OK  [0m] Reached target Paths.
[[   22.119946] cloud-init[875]: The key fingerprint is:
[   22.139086] cloud-init[875]: SHA256:gYpJWEsXihYoe9OFRLLCp8kbV3Isfo6rWZXQcKpjMg0 root@ubuntu-bionic
[0;32m  OK  [0m] Listening on ACPID Listen Socket.
[[0;32m  OK  [0m] Listening on Open-iSCSI iscsid Socket.
[[0;32m  OK  [0m] Listening on cloud-init hotplug hook socket.
[[0;32m  OK  [0m] Started Discard unused blocks once a week.
[[0;32m  OK  [0m] Reached target Timers.
[[0;32m  OK  [0m] Reached target Cloud-config availability.
[[0;32m  OK  [0m] Reached target Network is Online.
[   22.139591] cloud-init[875]: The key's randomart image is:
[[0;32m  OK  [0m] Reached target Remote File Systems (Pre).
[[0;32m  OK  [0m] Reached target Remote File Systems.
[   22.164770]          Starting Availability of block devices...
[[0;32m  OK  [0m] Listening on LXD - unix socket.
[[0;32m  OK  [0m] Listening on Socket activation for snappy daemon.
[[0;32m  OK  [0m] Reached target Sockets.
[[0;32m  OK  [0m] Reached target Basic System.
         Starting Permit User Sessions...
[[0;32m  OK  [0m] Started D-Bus System Message Bus.
cloud-init[875]: +---[DSA 1024]----+
[   22.186806] cloud-init[875]: |..++=+           |
[   22.195078] cloud-init[875]: |+=.*B ..         |
[   22.201775] cloud-init[875]: |E+=B *. .        |
[   22.208173] cloud-init[875]: |+=OoB..  .       |
[   22.214766] cloud-init[875]: |oX++.+  S        |
[   22.219664] cloud-init[875]: |o.= =            |
[   22.224597] cloud-init[875]: | . o .           |         Starting Accounts Service...
[[0;32m  OK  [0m] Started Deferred execution scheduler.
         Starting LSB: automatic crash report generation...
         Starting Pollinate to seed the pseudo random number generator...
         Starting LSB: Record successful boot for GRUB...

[   22.244041] [[0;32m  OK  [0m] Started Regular background program processing daemon.
cloud-init[875]: |  o .            |
[   22.254133] cloud-init[875]: | o..             |
[   22.261998] cloud-init[875]: +----[SHA256]-----+
[   22.267696]          Starting Snap Daemon...
         Starting Login Service...
[[0;32m  OK  [0m] Started FUSE filesystem for LXC.
cloud-init         Starting System Logging Service...
[875]: Generating public/private ecdsa key pair.
[   22.286623] cloud-init[875]: Your identification has been saved in /etc/ssh/ssh_host_ecdsa_key.
[   22.290688] cloud-init[875]: Your public key has been saved in /etc/ssh/ssh_host_ecdsa_key.pub.
[   22.294699] cloud-init[875]: The key fingerprint is:
[   22.297064] cloud-init[875]: SHA256:chgAXh03BgPqrfS3zuJ+OuY7xtN1LxYarrjd2VrILT8 root@ubuntu-bionic
[   22.300595] cloud-init[875]: The key's randomart image is:
[   22.302798] cloud-init[875]: +---[ECDSA 256]---+
[   22.304819] cloud-init[875]: |  ..+o+o+        |
[   22.306752] cloud-init[875]: | . o ..+ .       |
[   22.308812] cloud-init[875]: |  o   .          |
[   22.310804] cloud-init[875]: | . .   o         |
[   22.312898] cloud-init[875]: |  o . o S        |
[   22.314535] cloud-init[875]: | . o   +ooo      |
[   22.316539] cloud-init[875]: |  .....o++oo     |
[   22.318246] cloud-init[875]: |    O=ooo*E .    |
[   22.320306] cloud-init[875]: |   *O@*.+ooo     |
[   22.322055] cloud-init[875]: +----[SHA256]-----+
[   22.323795] cloud-init[875]: Generating public/private ed25519 key pair.
[   22.326455] cloud-init[875]: Your identification has been saved in /etc/ssh/ssh_host_ed25519_key.
[   22.329902] cloud-init[875]: Your public key has been saved in /etc/ssh/ssh_host_ed25519_key.pub.
[   22.333737] cloud-init[875]: The key fingerprint is:
[   22.335930] cloud-init[875]: SHA256:rmuP1rFNIoel5QqDpCOscG/vxe1uGhgKQrlRNKrOTNI root@ubuntu-bionic
[   22.341516] cloud-init[875]: The key's randomart image is:
[   22.343817] cloud-init[875]: +--[ED25519 256]--+
[   22.348524] cloud-init[875]: |  .+             |
[   22.350904] cloud-init[875]: |  + .            |
[   22.356991] cloud-init[875]: | =               |
[   22.358749] cloud-init[875]: |o.+     o        |
[   22.360896] cloud-init[875]: |==E.  .*S        |
[   22.362729] cloud-init[875]: |@oo.o.+==..      |
[   22.364522] cloud-init[875]: |+* ..o.==*.      |
[   22.366451] cloud-init[875]: |.   o ++ooo      |
         Starting Dispatcher daemon for systemd-networkd...
[[0;32m  OK  [0m] Reached target Login Prompts (Pre).
         Starting Virtualbox guest utils...
[   22.387093] cloud-init[875]: |   . =*oo+o      |
[   22.399128] cloud-init[875]: +----[SHA256]-----+
[[0;32m  OK  [0m] Started irqbalance daemon.
         Starting LXD - container startup/shutdown...
[[0;32m  OK  [0m] Started Availability of block devices.
[[0;32m  OK  [0m] Started Permit User Sessions.
         Starting Hold until boot process finishes up...
         Starting Terminate Plymouth Boot Screen...
[[0;32m  OK  [0m] Started Hold until boot process finishes up.
[[0;32m  OK  [0m] Started Serial Getty on ttyS0.
         Starting Set console scheme...
[[0;32m  OK  [0m] Started Terminate Plymouth Boot Screen.
[[0;32m  OK  [0m] Started System Logging Service.
[[0;32m  OK  [0m] Started Set console scheme.
[[0;32m  OK  [0m] Created slice system-getty.slice.
[[0;32m  OK  [0m] Started Getty on tty1.
[[0;32m  OK  [0m] Reached target Login Prompts.
         Starting Authorization Manager...
[[0;32m  OK  [0m] Started LSB: automatic crash report generation.
[[0;32m  OK  [0m] Started Login Service.
[[0;32m  OK  [0m] Started Unattended Upgrades Shutdown.
[[0;32m  OK  [0m] Started LSB: Record successful boot for GRUB.
[[0;32m  OK  [0m] Started Authorization Manager.
[[0;32m  OK  [0m] Started Accounts Service.
[[0;32m  OK  [0m] Started Virtualbox guest utils.
[[0;32m  OK  [0m] Started LXD - container startup/shutdown.
[[0;32m  OK  [0m] Started Dispatcher daemon for systemd-networkd.
[[0;32m  OK  [0m] Started Snap Daemon.
         Starting Wait until snapd is fully seeded...
[[0;32m  OK  [0m] Started Pollinate to seed the pseudo random number generator.
         Starting OpenBSD Secure Shell server...
[[0;32m  OK  [0m] Started OpenBSD Secure Shell server.
         Starting Time & Date Service...
[[0;32m  OK  [0m] Started Time & Date Service.
[[0;32m  OK  [0m] Created slice User Slice of vagrant.
         Starting User Manager for UID 1000...
[[0;32m  OK  [0m] Started Session 1 of user vagrant.
[[0;32m  OK  [0m] Started User Manager for UID 1000.
[[0;32m  OK  [0m] Started Wait until snapd is fully seeded.
         Starting Apply the settings specified in cloud-config...
[   28.310619] cloud-init[1431]: Cloud-init v. 23.1.2-0ubuntu0~18.04.1 running 'modules:config' at Wed, 23 Oct 2024 19:18:24 +0000. Up 27.05 seconds.

Ubuntu 18.04.6 LTS ubuntu-bionic ttyS0

ubuntu-bionic login: ci-info: no authorized SSH keys fingerprints found for user ubuntu.
<14>Oct 23 19:18:26 cloud-init: #############################################################
<14>Oct 23 19:18:26 cloud-init: -----BEGIN SSH HOST KEY FINGERPRINTS-----
<14>Oct 23 19:18:26 cloud-init: 1024 SHA256:gYpJWEsXihYoe9OFRLLCp8kbV3Isfo6rWZXQcKpjMg0 root@ubuntu-bionic (DSA)
<14>Oct 23 19:18:26 cloud-init: 256 SHA256:chgAXh03BgPqrfS3zuJ+OuY7xtN1LxYarrjd2VrILT8 root@ubuntu-bionic (ECDSA)
<14>Oct 23 19:18:26 cloud-init: 256 SHA256:rmuP1rFNIoel5QqDpCOscG/vxe1uGhgKQrlRNKrOTNI root@ubuntu-bionic (ED25519)
<14>Oct 23 19:18:26 cloud-init: 2048 SHA256:xkXrKxhU3q82UESB6GGSCdLAKGYRZDiQxUNx9xo+1VQ root@ubuntu-bionic (RSA)
<14>Oct 23 19:18:26 cloud-init: -----END SSH HOST KEY FINGERPRINTS-----
<14>Oct 23 19:18:26 cloud-init: #############################################################
-----BEGIN SSH HOST KEY KEYS-----
ecdsa-sha2-nistp256 AAAAE2VjZHNhLXNoYTItbmlzdHAyNTYAAAAIbmlzdHAyNTYAAABBBPPdxBFB8iO93YSCnKUTrH1cRQ//YBU8Gmi/e3CepdBGNNAwniBG58Ewh+kHQ9LLeWyrDOl1jbIv1ZUecdl6jI8= root@ubuntu-bionic
ssh-ed25519 AAAAC3NzaC1lZDI1NTE5AAAAIHPBt71q6njCYDIL/tSv4iLoccqBIjs3kvnENr8RtNIY root@ubuntu-bionic
ssh-rsa AAAAB3NzaC1yc2EAAAADAQABAAABAQDQ3k2P12xwkYBQV+TTLfD370qU9o8xghF7ryulZMis+cIDPmybhtXMQkGM0id1ZxzH+S7fD+Xo5uyshlbzp9BFnsBn/iePwhUdXP8Kg2DoqiA4qjTwmKVNslXeFlliN61V2OlghqPanoM2l+t6ou3wSqrLBahcdXc0S3yuK5hyxkbZ8t6vszehcF9wxh+bSse7BwrrWVgCh4QWA/sYC6k2jsm5Y5NvMUojLDwXeNWm8DK0iwm6P8CivMXqLD9YlABlQWoLMwUJbd61MYL+ZrSSCQXPAKfiBHIWQtNhCSvNeljQALJsq2uply7UpAt/uAt+ecUJCQwZlUD6N2v1tAs3 root@ubuntu-bionic
-----END SSH HOST KEY KEYS-----
[   29.282347] cloud-init[1578]: Cloud-init v. 23.1.2-0ubuntu0~18.04.1 running 'modules:final' at Wed, 23 Oct 2024 19:18:26 +0000. Up 29.00 seconds.
[   29.297432] cloud-init[1578]: Cloud-init v. 23.1.2-0ubuntu0~18.04.1 finished at Wed, 23 Oct 2024 19:18:26 +0000. Datasource DataSourceNoCloud [seed=/dev/sdb][dsmode=net].  Up 29.27 seconds
